2021-05-12 08:55:01 [restartedMain] INFO  c.v.a.SpringDataBaseApplication -Starting SpringDataBaseApplication on R004 with PID 12896 (D:\Microservices\Examples-microservice-alltaks\nats\audit-service-nats-publisher\target\classes started by vinodh.sangavaram in D:\Microservices\Examples-microservice-alltaks\nats\audit-service-nats-publisher)
2021-05-12 08:55:01 [restartedMain] INFO  c.v.a.SpringDataBaseApplication -No active profile set, falling back to default profiles: default
2021-05-12 08:55:02 [restartedMain] INFO  com.vinodh.config.NatsInilizer -Connected Nats Server... io.nats.client.ConnectionImpl@79cffd39
2021-05-12 08:55:03 [restartedMain] INFO  c.v.a.SpringDataBaseApplication -Started SpringDataBaseApplication in 11.809 seconds (JVM running for 13.498)
2021-05-12 08:55:03 [restartedMain] INFO  c.v.a.SpringDataBaseApplication -server started successfully....
2021-05-12 08:55:20 [jnats-callbacks] ERROR com.vinodh.config.NatsInilizer -Channel disconnected: io.nats.client.ConnectionImpl@79cffd39
2021-05-12 08:55:20 [jnats-callbacks] ERROR com.vinodh.config.NatsInilizer -Reconnected to server: io.nats.client.ConnectionImpl@79cffd39
2021-05-12 08:55:21 [jnats-callbacks] ERROR com.vinodh.config.NatsInilizer -Channel disconnected: io.nats.client.ConnectionImpl@79cffd39
2021-05-12 08:55:22 [jnats-callbacks] ERROR com.vinodh.config.NatsInilizer -Reconnected to server: io.nats.client.ConnectionImpl@79cffd39
2021-05-12 08:55:37 [http-nio-9686-exec-1] INFO  c.vinodh.controller.AuditController -addUser save in verison :
2021-05-12 08:58:23 [http-nio-9686-exec-5] INFO  c.vinodh.controller.AuditController -addUser save in verison :
2021-05-12 08:58:34 [jnats-callbacks] ERROR com.vinodh.config.NatsInilizer -Channel disconnected: io.nats.client.ConnectionImpl@79cffd39
2021-05-12 08:58:34 [jnats-callbacks] ERROR com.vinodh.config.NatsInilizer -Reconnected to server: io.nats.client.ConnectionImpl@79cffd39
2021-05-12 08:59:15 [jnats-callbacks] ERROR com.vinodh.config.NatsInilizer -Channel disconnected: io.nats.client.ConnectionImpl@79cffd39
2021-05-12 08:59:15 [jnats-callbacks] ERROR com.vinodh.config.NatsInilizer -Reconnected to server: io.nats.client.ConnectionImpl@79cffd39
2021-05-12 08:59:26 [restartedMain] INFO  c.v.a.SpringDataBaseApplication -Starting SpringDataBaseApplication on R004 with PID 12896 (D:\Microservices\Examples-microservice-alltaks\nats\audit-service-nats-publisher\target\classes started by vinodh.sangavaram in D:\Microservices\Examples-microservice-alltaks\nats\audit-service-nats-publisher)
2021-05-12 08:59:26 [restartedMain] INFO  c.v.a.SpringDataBaseApplication -No active profile set, falling back to default profiles: default
2021-05-12 08:59:27 [restartedMain] INFO  com.vinodh.config.NatsInilizer -Connected Nats Server... io.nats.client.ConnectionImpl@641e229f
2021-05-12 08:59:27 [restartedMain] INFO  c.v.a.SpringDataBaseApplication -Started SpringDataBaseApplication in 0.582 seconds (JVM running for 277.5)
2021-05-12 08:59:27 [restartedMain] INFO  c.v.a.SpringDataBaseApplication -server started successfully....
2021-05-12 08:59:50 [http-nio-9686-exec-2] INFO  c.vinodh.controller.AuditController -addUser save in verison :
2021-05-12 09:00:42 [jnats-callbacks] ERROR com.vinodh.config.NatsInilizer -Channel disconnected: io.nats.client.ConnectionImpl@79cffd39
2021-05-12 09:00:42 [jnats-callbacks] ERROR com.vinodh.config.NatsInilizer -Reconnected to server: io.nats.client.ConnectionImpl@79cffd39
2021-05-12 09:00:44 [jnats-callbacks] ERROR com.vinodh.config.NatsInilizer -Channel disconnected: io.nats.client.ConnectionImpl@79cffd39
2021-05-12 09:00:44 [jnats-callbacks] ERROR com.vinodh.config.NatsInilizer -Reconnected to server: io.nats.client.ConnectionImpl@79cffd39
2021-05-12 09:01:05 [jnats-callbacks] ERROR com.vinodh.config.NatsInilizer -Channel disconnected: io.nats.client.ConnectionImpl@79cffd39
2021-05-12 09:01:05 [jnats-callbacks] ERROR com.vinodh.config.NatsInilizer -Reconnected to server: io.nats.client.ConnectionImpl@79cffd39
2021-05-12 09:01:07 [jnats-callbacks] ERROR com.vinodh.config.NatsInilizer -Channel disconnected: io.nats.client.ConnectionImpl@79cffd39
2021-05-12 09:01:08 [jnats-callbacks] ERROR com.vinodh.config.NatsInilizer -Reconnected to server: io.nats.client.ConnectionImpl@79cffd39
2021-05-12 09:01:10 [restartedMain] INFO  c.v.a.SpringDataBaseApplication -Starting SpringDataBaseApplication on R004 with PID 12896 (D:\Microservices\Examples-microservice-alltaks\nats\audit-service-nats-publisher\target\classes started by vinodh.sangavaram in D:\Microservices\Examples-microservice-alltaks\nats\audit-service-nats-publisher)
2021-05-12 09:01:10 [restartedMain] INFO  c.v.a.SpringDataBaseApplication -No active profile set, falling back to default profiles: default
2021-05-12 09:01:11 [restartedMain] INFO  com.vinodh.config.NatsInilizer -Connected Nats Server... io.nats.client.ConnectionImpl@70ce7b92
2021-05-12 09:01:11 [restartedMain] INFO  c.v.a.SpringDataBaseApplication -Started SpringDataBaseApplication in 0.58 seconds (JVM running for 381.475)
2021-05-12 09:01:11 [restartedMain] INFO  c.v.a.SpringDataBaseApplication -server started successfully....
2021-05-12 09:01:11 [jnats-callbacks] ERROR com.vinodh.config.NatsInilizer -Channel disconnected: io.nats.client.ConnectionImpl@79cffd39
2021-05-12 09:01:11 [jnats-callbacks] ERROR com.vinodh.config.NatsInilizer -Reconnected to server: io.nats.client.ConnectionImpl@79cffd39
2021-05-12 09:01:24 [restartedMain] INFO  c.v.a.SpringDataBaseApplication -Starting SpringDataBaseApplication on R004 with PID 12896 (D:\Microservices\Examples-microservice-alltaks\nats\audit-service-nats-publisher\target\classes started by vinodh.sangavaram in D:\Microservices\Examples-microservice-alltaks\nats\audit-service-nats-publisher)
2021-05-12 09:01:24 [restartedMain] INFO  c.v.a.SpringDataBaseApplication -No active profile set, falling back to default profiles: default
2021-05-12 09:01:24 [restartedMain] INFO  com.vinodh.config.NatsInilizer -Connected Nats Server... io.nats.client.ConnectionImpl@5f43ff84
2021-05-12 09:01:24 [restartedMain] INFO  c.v.a.SpringDataBaseApplication -Started SpringDataBaseApplication in 0.593 seconds (JVM running for 395.016)
2021-05-12 09:01:24 [restartedMain] INFO  c.v.a.SpringDataBaseApplication -server started successfully....
2021-05-12 09:01:46 [jnats-callbacks] ERROR com.vinodh.config.NatsInilizer -Channel disconnected: io.nats.client.ConnectionImpl@79cffd39
2021-05-12 09:01:47 [jnats-callbacks] ERROR com.vinodh.config.NatsInilizer -Reconnected to server: io.nats.client.ConnectionImpl@79cffd39
2021-05-12 09:02:00 [jnats-callbacks] ERROR com.vinodh.config.NatsInilizer -Channel disconnected: io.nats.client.ConnectionImpl@79cffd39
2021-05-12 09:02:00 [jnats-callbacks] ERROR com.vinodh.config.NatsInilizer -Reconnected to server: io.nats.client.ConnectionImpl@79cffd39
2021-05-12 09:02:00 [jnats-callbacks] ERROR com.vinodh.config.NatsInilizer -Channel disconnected: io.nats.client.ConnectionImpl@79cffd39
2021-05-12 09:02:02 [jnats-callbacks] ERROR com.vinodh.config.NatsInilizer -Reconnected to server: io.nats.client.ConnectionImpl@79cffd39
2021-05-12 09:02:19 [jnats-callbacks] ERROR com.vinodh.config.NatsInilizer -Channel disconnected: io.nats.client.ConnectionImpl@79cffd39
2021-05-12 09:02:20 [jnats-callbacks] ERROR com.vinodh.config.NatsInilizer -Reconnected to server: io.nats.client.ConnectionImpl@79cffd39
2021-05-12 09:02:20 [jnats-callbacks] ERROR com.vinodh.config.NatsInilizer -Channel disconnected: io.nats.client.ConnectionImpl@79cffd39
2021-05-12 09:02:22 [jnats-callbacks] ERROR com.vinodh.config.NatsInilizer -Reconnected to server: io.nats.client.ConnectionImpl@79cffd39
2021-05-12 09:02:22 [jnats-callbacks] ERROR com.vinodh.config.NatsInilizer -Channel disconnected: io.nats.client.ConnectionImpl@79cffd39
2021-05-12 09:02:23 [jnats-callbacks] ERROR com.vinodh.config.NatsInilizer -Reconnected to server: io.nats.client.ConnectionImpl@79cffd39
2021-05-12 09:02:33 [restartedMain] INFO  c.v.a.SpringDataBaseApplication -Starting SpringDataBaseApplication on R004 with PID 12896 (D:\Microservices\Examples-microservice-alltaks\nats\audit-service-nats-publisher\target\classes started by vinodh.sangavaram in D:\Microservices\Examples-microservice-alltaks\nats\audit-service-nats-publisher)
2021-05-12 09:02:33 [restartedMain] INFO  c.v.a.SpringDataBaseApplication -No active profile set, falling back to default profiles: default
2021-05-12 09:02:33 [restartedMain] INFO  com.vinodh.config.NatsInilizer -Connected Nats Server... io.nats.client.ConnectionImpl@15f36d52
2021-05-12 09:02:33 [restartedMain] INFO  c.v.a.SpringDataBaseApplication -Started SpringDataBaseApplication in 0.542 seconds (JVM running for 464.02)
2021-05-12 09:02:33 [restartedMain] INFO  c.v.a.SpringDataBaseApplication -server started successfully....
2021-05-12 09:02:52 [jnats-callbacks] ERROR com.vinodh.config.NatsInilizer -Channel disconnected: io.nats.client.ConnectionImpl@79cffd39
2021-05-12 09:02:53 [jnats-callbacks] ERROR com.vinodh.config.NatsInilizer -Reconnected to server: io.nats.client.ConnectionImpl@79cffd39
2021-05-12 09:03:07 [restartedMain] INFO  c.v.a.SpringDataBaseApplication -Starting SpringDataBaseApplication on R004 with PID 5876 (D:\Microservices\Examples-microservice-alltaks\nats\audit-service-nats-publisher\target\classes started by vinodh.sangavaram in D:\Microservices\Examples-microservice-alltaks\nats\audit-service-nats-publisher)
2021-05-12 09:03:07 [restartedMain] INFO  c.v.a.SpringDataBaseApplication -No active profile set, falling back to default profiles: default
2021-05-12 09:03:08 [restartedMain] INFO  com.vinodh.config.NatsInilizer -Connected Nats Server... io.nats.client.ConnectionImpl@6f3e79ba
2021-05-12 09:03:09 [restartedMain] INFO  c.v.a.SpringDataBaseApplication -Started SpringDataBaseApplication in 1.807 seconds (JVM running for 2.809)
2021-05-12 09:03:09 [restartedMain] INFO  c.v.a.SpringDataBaseApplication -server started successfully....
2021-05-12 09:03:33 [http-nio-9686-exec-1] INFO  c.vinodh.controller.AuditController -addUser save in verison :
2021-05-12 09:06:13 [http-nio-9686-exec-5] INFO  c.vinodh.controller.AuditController -addUser save in verison :
2021-05-12 15:32:01 [jnats-callbacks] ERROR com.vinodh.config.NatsInilizer -Channel disconnected: io.nats.client.ConnectionImpl@6f3e79ba
2021-05-12 15:34:02 [jnats-callbacks] ERROR com.vinodh.config.NatsInilizer -Channel disconnected: io.nats.client.ConnectionImpl@6f3e79ba
