2021-05-18 15:47:22 [restartedMain] INFO  c.v.a.SpringDataBaseApplication -Starting SpringDataBaseApplication on R004 with PID 10080 (D:\Microservices\Examples-microservice-alltaks\nats\audit-service-nats-publisher\target\classes started by vinodh.sangavaram in D:\Microservices\Examples-microservice-alltaks\nats\audit-service-nats-publisher)
2021-05-18 15:47:22 [restartedMain] INFO  c.v.a.SpringDataBaseApplication -No active profile set, falling back to default profiles: default
2021-05-18 15:47:25 [restartedMain] ERROR com.vinodh.config.NatsInilizer -Error connecting to NATs! 
java.io.IOException: nats: no servers available for connection
	at io.nats.client.ConnectionImpl.connect(ConnectionImpl.java:437)
	at io.nats.client.Options.connect(Options.java:212)
	at io.nats.client.Nats.connect(Nats.java:429)
	at com.vinodh.config.NatsInilizer.initConnection(NatsInilizer.java:30)
	at com.vinodh.config.NatsInilizer.afterPropertiesSet(NatsInilizer.java:40)
	at org.springframework.beans.factory.support.AbstractAutowireCapableBeanFactory.invokeInitMethods(AbstractAutowireCapableBeanFactory.java:1837)
	at org.springframework.beans.factory.support.AbstractAutowireCapableBeanFactory.initializeBean(AbstractAutowireCapableBeanFactory.java:1774)
	at org.springframework.beans.factory.support.AbstractAutowireCapableBeanFactory.doCreateBean(AbstractAutowireCapableBeanFactory.java:593)
	at org.springframework.beans.factory.support.AbstractAutowireCapableBeanFactory.createBean(AbstractAutowireCapableBeanFactory.java:515)
	at org.springframework.beans.factory.support.AbstractBeanFactory.lambda$doGetBean$0(AbstractBeanFactory.java:320)
	at org.springframework.beans.factory.support.DefaultSingletonBeanRegistry.getSingleton(DefaultSingletonBeanRegistry.java:222)
	at org.springframework.beans.factory.support.AbstractBeanFactory.doGetBean(AbstractBeanFactory.java:318)
	at org.springframework.beans.factory.support.AbstractBeanFactory.getBean(AbstractBeanFactory.java:199)
	at org.springframework.beans.factory.support.DefaultListableBeanFactory.preInstantiateSingletons(DefaultListableBeanFactory.java:845)
	at org.springframework.context.support.AbstractApplicationContext.finishBeanFactoryInitialization(AbstractApplicationContext.java:877)
	at org.springframework.context.support.AbstractApplicationContext.refresh(AbstractApplicationContext.java:549)
	at org.springframework.boot.web.servlet.context.ServletWebServerApplicationContext.refresh(ServletWebServerApplicationContext.java:141)
	at org.springframework.boot.SpringApplication.refresh(SpringApplication.java:743)
	at org.springframework.boot.SpringApplication.refreshContext(SpringApplication.java:390)
	at org.springframework.boot.SpringApplication.run(SpringApplication.java:312)
	at org.springframework.boot.SpringApplication.run(SpringApplication.java:1214)
	at org.springframework.boot.SpringApplication.run(SpringApplication.java:1203)
	at com.vinodh.application.SpringDataBaseApplication.main(SpringDataBaseApplication.java:16)
	at java.base/jdk.internal.reflect.NativeMethodAccessorImpl.invoke0(Native Method)
	at java.base/jdk.internal.reflect.NativeMethodAccessorImpl.invoke(NativeMethodAccessorImpl.java:62)
	at java.base/jdk.internal.reflect.DelegatingMethodAccessorImpl.invoke(DelegatingMethodAccessorImpl.java:43)
	at java.base/java.lang.reflect.Method.invoke(Method.java:566)
	at org.springframework.boot.devtools.restart.RestartLauncher.run(RestartLauncher.java:49)
2021-05-18 15:47:26 [restartedMain] INFO  c.v.a.SpringDataBaseApplication -Started SpringDataBaseApplication in 4.695 seconds (JVM running for 7.45)
2021-05-18 15:47:26 [restartedMain] INFO  c.v.a.SpringDataBaseApplication -server started successfully....
2021-05-18 15:47:51 [restartedMain] INFO  c.v.a.SpringDataBaseApplication -Starting SpringDataBaseApplication on R004 with PID 12360 (D:\Microservices\Examples-microservice-alltaks\nats\audit-service-nats-publisher\target\classes started by vinodh.sangavaram in D:\Microservices\Examples-microservice-alltaks\nats\audit-service-nats-publisher)
2021-05-18 15:47:51 [restartedMain] INFO  c.v.a.SpringDataBaseApplication -No active profile set, falling back to default profiles: default
2021-05-18 15:47:53 [restartedMain] INFO  com.vinodh.config.NatsInilizer -Connected Nats Server... io.nats.client.ConnectionImpl@34a70160
2021-05-18 15:47:53 [restartedMain] INFO  c.v.a.SpringDataBaseApplication -Started SpringDataBaseApplication in 4.174 seconds (JVM running for 5.615)
2021-05-18 15:47:53 [restartedMain] INFO  c.v.a.SpringDataBaseApplication -server started successfully....
2021-05-18 15:49:25 [http-nio-9686-exec-3] INFO  c.vinodh.controller.AuditController -addUser save in verison :
2021-05-18 17:20:42 [jnats-callbacks] ERROR com.vinodh.config.NatsInilizer -Channel disconnected: io.nats.client.ConnectionImpl@34a70160
2021-05-18 17:22:40 [jnats-callbacks] ERROR com.vinodh.config.NatsInilizer -Channel disconnected: io.nats.client.ConnectionImpl@34a70160
